<?xml version="1.0" encoding="UTF-8"?>
<testng-results ignored="0" total="2" passed="2" failed="0" skipped="0">
  <reporter-output>
  </reporter-output>
  <suite started-at="2024-05-21T22:08:14 IST" name="Default suite" finished-at="2024-05-21T22:08:36 IST" duration-ms="22230">
    <groups>
    </groups>
    <test started-at="2024-05-21T22:08:14 IST" name="Default test" finished-at="2024-05-21T22:08:36 IST" duration-ms="22230">
      <class name="datadriven.Datadriven001pro">
        <test-method signature="DemoProject(java.lang.String,java.lang.String,java.lang.String,java.lang.String,java.lang.String,java.lang.String,java.lang.String,java.lang.String,java.lang.String,java.lang.String,java.lang.String,java.lang.String)[pri:0, instance:datadriven.Datadriven001pro@d29f28]" started-at="2024-05-21T22:08:14 IST" name="DemoProject" data-provider="testdata" finished-at="2024-05-21T22:08:23 IST" duration-ms="8905" status="PASS">
          <params>
            <param index="0">
              <value>
                <![CDATA[Rakhi]]>
              </value>
            </param>
            <param index="1">
              <value>
                <![CDATA[N Kumar]]>
              </value>
            </param>
            <param index="2">
              <value>
                <![CDATA[9.895344615E9]]>
              </value>
            </param>
            <param index="3">
              <value>
                <![CDATA[rakhi.nkumar@gmail.com]]>
              </value>
            </param>
            <param index="4">
              <value>
                <![CDATA[Kodunganoor P O ]]>
              </value>
            </param>
            <param index="5">
              <value>
                <![CDATA[Trivandrum]]>
              </value>
            </param>
            <param index="6">
              <value>
                <![CDATA[Kerala]]>
              </value>
            </param>
            <param index="7">
              <value>
                <![CDATA[695013.0]]>
              </value>
            </param>
            <param index="8">
              <value>
                <![CDATA[India]]>
              </value>
            </param>
            <param index="9">
              <value>
                <![CDATA[rakhinkumar]]>
              </value>
            </param>
            <param index="10">
              <value>
                <![CDATA[raKhi@123]]>
              </value>
            </param>
            <param index="11">
              <value>
                <![CDATA[raKhi@123]]>
              </value>
            </param>
          </params>
          <reporter-output>
          </reporter-output>
        </test-method> <!-- DemoProject -->
        <test-method signature="DemoProject(java.lang.String,java.lang.String,java.lang.String,java.lang.String,java.lang.String,java.lang.String,java.lang.String,java.lang.String,java.lang.String,java.lang.String,java.lang.String,java.lang.String)[pri:0, instance:datadriven.Datadriven001pro@d29f28]" started-at="2024-05-21T22:08:23 IST" name="DemoProject" data-provider="testdata" finished-at="2024-05-21T22:08:36 IST" duration-ms="12779" status="PASS">
          <params>
            <param index="0">
              <value>
                <![CDATA[Rahul]]>
              </value>
            </param>
            <param index="1">
              <value>
                <![CDATA[N R]]>
              </value>
            </param>
            <param index="2">
              <value>
                <![CDATA[8.940230335E9]]>
              </value>
            </param>
            <param index="3">
              <value>
                <![CDATA[rahulklsm@gmail.com]]>
              </value>
            </param>
            <param index="4">
              <value>
                <![CDATA[Kodunganoor P O ]]>
              </value>
            </param>
            <param index="5">
              <value>
                <![CDATA[Trivandrum]]>
              </value>
            </param>
            <param index="6">
              <value>
                <![CDATA[Kerala]]>
              </value>
            </param>
            <param index="7">
              <value>
                <![CDATA[695013.0]]>
              </value>
            </param>
            <param index="8">
              <value>
                <![CDATA[India]]>
              </value>
            </param>
            <param index="9">
              <value>
                <![CDATA[rahulnr]]>
              </value>
            </param>
            <param index="10">
              <value>
                <![CDATA[rahulnr@123]]>
              </value>
            </param>
            <param index="11">
              <value>
                <![CDATA[rahulnr@123]]>
              </value>
            </param>
          </params>
          <reporter-output>
          </reporter-output>
        </test-method> <!-- DemoProject -->
      </class> <!-- datadriven.Datadriven001pro -->
    </test> <!-- Default test -->
  </suite> <!-- Default suite -->
</testng-results>
